<?xml version="1.0" encoding="UTF-8"?>
<!-- Generated by org.testng.reporters.JUnitXMLReporter -->
<testsuite hostname="LAPTOP-NLHU7H1D" ignored="0" name="Test" tests="2" failures="1" timestamp="26 Mar 2019 19:17:45 GMT" time="5.934" errors="0">
  <testcase name="dummyTest" time="0.013" classname="com.testNGListeners.MyFirstTestCase">
    <failure type="java.lang.AssertionError" message="expected [true] but found [false]">
      <![CDATA[java.lang.AssertionError: expected [true] but found [false]
at com.testNGListeners.MyFirstTestCase.dummyTest(MyFirstTestCase.java:21)
... Removed 29 stack frames]]>
    </failure>
  </testcase> <!-- dummyTest -->
  <testcase name="googleTitleVerify" time="5.874" classname="com.testNGListeners.MyFirstTestCase"/>
</testsuite> <!-- Test -->
