<?xml version="1.0" encoding="UTF-8"?>
<testng-results skipped="0" failed="0" ignored="0" total="1" passed="1">
  <reporter-output>
  </reporter-output>
  <suite name="Default suite" duration-ms="26410" started-at="2019-06-18T09:11:26Z" finished-at="2019-06-18T09:11:52Z">
    <groups>
    </groups>
    <test name="Default test" duration-ms="26410" started-at="2019-06-18T09:11:26Z" finished-at="2019-06-18T09:11:52Z">
      <class name="com.seleniumPractice2.OpenNewTab">
        <test-method status="PASS" signature="autoSuggest()[pri:0, instance:com.seleniumPractice2.OpenNewTab@5700d6b1]" name="autoSuggest" duration-ms="26374" started-at="2019-06-18T09:11:26Z" finished-at="2019-06-18T09:11:52Z">
          <reporter-output>
          </reporter-output>
        </test-method> <!-- autoSuggest -->
      </class> <!-- com.seleniumPractice2.OpenNewTab -->
    </test> <!-- Default test -->
  </suite> <!-- Default suite -->
</testng-results>
